{"C:\\Users\\jonfu86\\work\\FEC\\FEC-UNZWILLING-featureExplorer\\client\\src\\components\\ImageViewer\\ImageViewer.jsx": {"path":"C:\\Users\\jonfu86\\work\\FEC\\FEC-UNZWILLING-featureExplorer\\client\\src\\components\\ImageViewer\\ImageViewer.jsx","statementMap":{"0":{"start":{"line":6,"column":50},"end":{"line":6,"column":55}},"1":{"start":{"line":8,"column":30},"end":{"line":13,"column":3}},"2":{"start":{"line":9,"column":4},"end":{"line":9,"column":23}},"3":{"start":{"line":10,"column":27},"end":{"line":10,"column":66}},"4":{"start":{"line":12,"column":4},"end":{"line":12,"column":33}},"5":{"start":{"line":15,"column":2},"end":{"line":31,"column":4}},"6":{"start":{"line":19,"column":8},"end":{"line":28,"column":17}},"7":{"start":{"line":34,"column":0},"end":{"line":39,"column":2}},"8":{"start":{"line":41,"column":0},"end":{"line":52,"column":2}}},"fnMap":{"0":{"name":"ImageViewer","decl":{"start":{"line":5,"column":24},"end":{"line":5,"column":35}},"loc":{"start":{"line":5,"column":43},"end":{"line":32,"column":1}},"line":5},"1":{"name":"(anonymous_1)","decl":{"start":{"line":8,"column":30},"end":{"line":8,"column":31}},"loc":{"start":{"line":8,"column":37},"end":{"line":13,"column":3}},"line":8},"2":{"name":"(anonymous_2)","decl":{"start":{"line":18,"column":20},"end":{"line":18,"column":21}},"loc":{"start":{"line":19,"column":8},"end":{"line":28,"column":17}},"line":19}},"branchMap":{"0":{"loc":{"start":{"line":20,"column":21},"end":{"line":20,"column":98}},"type":"cond-expr","locations":[{"start":{"line":20,"column":45},"end":{"line":20,"column":78}},{"start":{"line":20,"column":81},"end":{"line":20,"column":98}}],"line":20}},"s":{"0":2,"1":2,"2":0,"3":0,"4":0,"5":2,"6":0,"7":1,"8":1},"f":{"0":2,"1":0,"2":0},"b":{"0":[0,0]},"_coverageSchema":"1a1c01bbd47fc00a2c39e90264f33305004495a9","hash":"74e3cfbf89ccdecfb8d17bfe701ab65b5a5ca2a2"}
}
